<?xml version="1.0" encoding="UTF-8"?>
<testsuite xmlns:xsi="http://www.w3.org/2001/XMLSchema-instance" xsi:noNamespaceSchemaLocation="https://maven.apache.org/surefire/maven-surefire-plugin/xsd/surefire-test-report.xsd" name="LeagueTest" time="0.046" tests="6" errors="0" skipped="0" failures="0">
  <properties>
    <property name="sun.desktop" value="windows"/>
    <property name="awt.toolkit" value="sun.awt.windows.WToolkit"/>
    <property name="java.specification.version" value="11"/>
    <property name="sun.cpu.isalist" value="amd64"/>
    <property name="sun.jnu.encoding" value="Cp1252"/>
    <property name="java.class.path" value="C:\Users\brend\IdeaProjects\span-java\target\test-classes;C:\Users\brend\IdeaProjects\span-java\target\classes;C:\Users\brend\.m2\repository\org\junit\platform\junit-platform-surefire-provider\1.0.3\junit-platform-surefire-provider-1.0.3.jar;C:\Users\brend\.m2\repository\org\apiguardian\apiguardian-api\1.0.0\apiguardian-api-1.0.0.jar;C:\Users\brend\.m2\repository\org\junit\platform\junit-platform-launcher\1.0.3\junit-platform-launcher-1.0.3.jar;C:\Users\brend\.m2\repository\org\apache\maven\surefire\surefire-api\2.19.1\surefire-api-2.19.1.jar;C:\Users\brend\.m2\repository\org\apache\maven\surefire\common-java5\2.19.1\common-java5-2.19.1.jar;C:\Users\brend\.m2\repository\org\junit\jupiter\junit-jupiter-params\5.1.0\junit-jupiter-params-5.1.0.jar;C:\Users\brend\.m2\repository\org\junit\jupiter\junit-jupiter-api\5.1.0\junit-jupiter-api-5.1.0.jar;C:\Users\brend\.m2\repository\org\opentest4j\opentest4j\1.0.0\opentest4j-1.0.0.jar;C:\Users\brend\.m2\repository\org\junit\platform\junit-platform-commons\1.1.0\junit-platform-commons-1.1.0.jar;C:\Users\brend\.m2\repository\org\junit\jupiter\junit-jupiter-engine\5.0.3\junit-jupiter-engine-5.0.3.jar;C:\Users\brend\.m2\repository\org\junit\platform\junit-platform-engine\1.0.3\junit-platform-engine-1.0.3.jar;C:\Users\brend\.m2\repository\org\junit\platform\junit-platform-runner\1.5.2\junit-platform-runner-1.5.2.jar;C:\Users\brend\.m2\repository\junit\junit\4.12\junit-4.12.jar;C:\Users\brend\.m2\repository\org\hamcrest\hamcrest-core\1.3\hamcrest-core-1.3.jar;C:\Users\brend\.m2\repository\org\junit\platform\junit-platform-suite-api\1.5.2\junit-platform-suite-api-1.5.2.jar;"/>
    <property name="java.vm.vendor" value="JetBrains s.r.o"/>
    <property name="sun.arch.data.model" value="64"/>
    <property name="user.variant" value=""/>
    <property name="java.vendor.url" value="https://www.jetbrains.com/"/>
    <property name="user.timezone" value="Africa/Harare"/>
    <property name="java.vm.specification.version" value="11"/>
    <property name="os.name" value="Windows 10"/>
    <property name="sun.java.launcher" value="SUN_STANDARD"/>
    <property name="user.country" value="ZA"/>
    <property name="sun.boot.library.path" value="C:\Users\brend\AppData\Local\JetBrains\IntelliJ IDEA 2019.3.4\jbr\bin"/>
    <property name="sun.java.command" value="C:\Users\brend\AppData\Local\Temp\surefire17790697524260266404\surefirebooter16293772108086199518.jar C:\Users\brend\AppData\Local\Temp\surefire17790697524260266404 2020-04-07T09-35-58_945-jvmRun1 surefire448003538370137263tmp surefire_09957526901670129338tmp"/>
    <property name="jdk.debug" value="release"/>
    <property name="surefire.test.class.path" value="C:\Users\brend\IdeaProjects\span-java\target\test-classes;C:\Users\brend\IdeaProjects\span-java\target\classes;C:\Users\brend\.m2\repository\org\junit\platform\junit-platform-surefire-provider\1.0.3\junit-platform-surefire-provider-1.0.3.jar;C:\Users\brend\.m2\repository\org\apiguardian\apiguardian-api\1.0.0\apiguardian-api-1.0.0.jar;C:\Users\brend\.m2\repository\org\junit\platform\junit-platform-launcher\1.0.3\junit-platform-launcher-1.0.3.jar;C:\Users\brend\.m2\repository\org\apache\maven\surefire\surefire-api\2.19.1\surefire-api-2.19.1.jar;C:\Users\brend\.m2\repository\org\apache\maven\surefire\common-java5\2.19.1\common-java5-2.19.1.jar;C:\Users\brend\.m2\repository\org\junit\jupiter\junit-jupiter-params\5.1.0\junit-jupiter-params-5.1.0.jar;C:\Users\brend\.m2\repository\org\junit\jupiter\junit-jupiter-api\5.1.0\junit-jupiter-api-5.1.0.jar;C:\Users\brend\.m2\repository\org\opentest4j\opentest4j\1.0.0\opentest4j-1.0.0.jar;C:\Users\brend\.m2\repository\org\junit\platform\junit-platform-commons\1.1.0\junit-platform-commons-1.1.0.jar;C:\Users\brend\.m2\repository\org\junit\jupiter\junit-jupiter-engine\5.0.3\junit-jupiter-engine-5.0.3.jar;C:\Users\brend\.m2\repository\org\junit\platform\junit-platform-engine\1.0.3\junit-platform-engine-1.0.3.jar;C:\Users\brend\.m2\repository\org\junit\platform\junit-platform-runner\1.5.2\junit-platform-runner-1.5.2.jar;C:\Users\brend\.m2\repository\junit\junit\4.12\junit-4.12.jar;C:\Users\brend\.m2\repository\org\hamcrest\hamcrest-core\1.3\hamcrest-core-1.3.jar;C:\Users\brend\.m2\repository\org\junit\platform\junit-platform-suite-api\1.5.2\junit-platform-suite-api-1.5.2.jar;"/>
    <property name="sun.cpu.endian" value="little"/>
    <property name="user.home" value="C:\Users\brend"/>
    <property name="user.language" value="en"/>
    <property name="java.specification.vendor" value="Oracle Corporation"/>
    <property name="java.version.date" value="2020-01-14"/>
    <property name="java.home" value="C:\Users\brend\AppData\Local\JetBrains\IntelliJ IDEA 2019.3.4\jbr"/>
    <property name="file.separator" value="\"/>
    <property name="basedir" value="C:\Users\brend\IdeaProjects\span-java"/>
    <property name="java.vm.compressedOopsMode" value="Zero based"/>
    <property name="line.separator" value="&#10;"/>
    <property name="java.specification.name" value="Java Platform API Specification"/>
    <property name="java.vm.specification.vendor" value="Oracle Corporation"/>
    <property name="java.awt.graphicsenv" value="sun.awt.Win32GraphicsEnvironment"/>
    <property name="surefire.real.class.path" value="C:\Users\brend\AppData\Local\Temp\surefire17790697524260266404\surefirebooter16293772108086199518.jar"/>
    <property name="user.script" value=""/>
    <property name="sun.management.compiler" value="HotSpot 64-Bit Tiered Compilers"/>
    <property name="java.runtime.version" value="11.0.6+8-b520.43"/>
    <property name="user.name" value="brend"/>
    <property name="path.separator" value=";"/>
    <property name="os.version" value="10.0"/>
    <property name="java.runtime.name" value="OpenJDK Runtime Environment"/>
    <property name="file.encoding" value="Cp1252"/>
    <property name="java.vm.name" value="OpenJDK 64-Bit Server VM"/>
    <property name="localRepository" value="C:\Users\brend\.m2\repository"/>
    <property name="java.vendor.url.bug" value="https://youtrack.jetbrains.com"/>
    <property name="java.io.tmpdir" value="C:\Users\brend\AppData\Local\Temp\"/>
    <property name="java.version" value="11.0.6"/>
    <property name="user.dir" value="C:\Users\brend\IdeaProjects\span-java"/>
    <property name="os.arch" value="amd64"/>
    <property name="java.vm.specification.name" value="Java Virtual Machine Specification"/>
    <property name="java.awt.printerjob" value="sun.awt.windows.WPrinterJob"/>
    <property name="sun.os.patch.level" value=""/>
    <property name="idea.version2019.3.4" value="true"/>
    <property name="java.library.path" value="C:\Users\brend\AppData\Local\JetBrains\IntelliJ IDEA 2019.3.4\jbr\bin;C:\WINDOWS\Sun\Java\bin;C:\WINDOWS\system32;C:\WINDOWS;C:\Program Files (x86)\Razer\ChromaBroadcast\bin;C:\Program Files\Razer\ChromaBroadcast\bin;C:\Program Files (x86)\iis express\PHP\v7.2;C:\Program Files (x86)\Razer Chroma SDK\bin;C:\Program Files\Razer Chroma SDK\bin;C:\Windows\system32;C:\Windows;C:\Windows\System32\Wbem;C:\Windows\System32\WindowsPowerShell\v1.0\;C:\Users\brend\AppData\Local\Microsoft\WindowsApps;C:\WINDOWS\system32;C:\WINDOWS;C:\WINDOWS\System32\Wbem;C:\WINDOWS\System32\WindowsPowerShell\v1.0\;D:\NodeJS\;C:\Program Files\Git\cmd;C:\WINDOWS\System32\OpenSSH\;C:\Program Files\Microsoft\Web Platform Installer\;C:\Users\brend\AppData\Local\GitHubDesktop\bin;C:\Users\brend\AppData\Roaming\npm;C:\texlive\2017\bin\win32;C:\Users\brend\AppData\Local\atom\bin;C:\Program Files (x86)\NVIDIA Corporation\PhysX\Common;C:\Program Files\NVIDIA Corporation\NVIDIA NvDLISR;C:\WINDOWS\system32\config\systemprofile\AppData\Local\Microsoft\WindowsApps;C:\WINDOWS\system32;C:\WINDOWS;C:\WINDOWS\System32\Wbem;C:\WINDOWS\System32\WindowsPowerShell\v1.0\;C:\WINDOWS\System32\OpenSSH\;C:\Progra~1\Java\jdk-13.0.2;C:\Users\brend\AppData\Local\Programs\Python\Python36-32\Scripts\;C:\Users\brend\AppData\Local\Programs\Python\Python36-32\;C:\Users\brend\AppData\Local\Microsoft\WindowsApps;C:\Users\brend\AppData\Local\GitHubDesktop\bin;C:\Users\brend\AppData\Roaming\npm;C:\texlive\2017\bin\win32;C:\Users\brend\AppData\Local\atom\bin;C:\Users\brend\AppData\Local\Microsoft\WindowsApps;C:\Users\brend\AppData\Local\JetBrains\IntelliJ IDEA 2019.3.4\bin;;E:\apache-maven-3.6.3-bin\apache-maven-3.6.3\bin;C:\Program Files\Java\jdk-13.0.2\bin;;."/>
    <property name="java.vendor" value="JetBrains s.r.o"/>
    <property name="java.vm.info" value="mixed mode, sharing"/>
    <property name="java.vm.version" value="11.0.6+8-b520.43"/>
    <property name="sun.io.unicode.encoding" value="UnicodeLittle"/>
    <property name="java.class.version" value="55.0"/>
  </properties>
  <testcase name="testAddMatch{SoccerMatch}[1]" classname="LeagueTest" time="0.018"/>
  <testcase name="testAddMatch{SoccerMatch}[2]" classname="LeagueTest" time="0"/>
  <testcase name="testAddMatch{SoccerMatch}[3]" classname="LeagueTest" time="0.001"/>
  <testcase name="testAddMatch{SoccerMatch}[4]" classname="LeagueTest" time="0.001"/>
  <testcase name="testAddMatch{SoccerMatch}[5]" classname="LeagueTest" time="0"/>
  <testcase name="testLeaderBoardString{Collection}[1]" classname="LeagueTest" time="0.003"/>
</testsuite>